2016-12-22 10:31:29 SELECT * FROM `rd_adminuser` WHERE `username` = 'admin'  LIMIT 1

2016-12-22 10:31:35 SELECT * FROM `rd_system_setting`  LIMIT 1

2016-12-22 10:31:38 SELECT * FROM `rd_system_setting`  LIMIT 1

2016-12-22 10:32:55 SELECT * FROM `rd_system_setting`  LIMIT 1

2016-12-22 10:35:15 UPDATE `rd_system_setting` SET `id` = '1', `setting` = '{\"site_title\":\"\\u745e\\u8fbe\\u8054\\u884c\",\"keywords\":\"\\u745e\\u8fbe\\u8054\\u884c\",\"description\":\"\\u745e\\u8fbe\\u8054\\u884c\",\"contact_tel\":\"\",\"contact_wechat\":\"\",\"contact_email\":\"\",\"service_line\":\"\",\"footinfo\":\"\",\"wechat_qr\":\"\"}' WHERE `id` = '1'

2016-12-22 10:35:17 SELECT * FROM `rd_system_setting`  LIMIT 1

2016-12-22 10:35:39 UPDATE `rd_system_setting` SET `id` = '1', `setting` = '{\"site_title\":\"\\u745e\\u8fbe\\u8054\\u884c\",\"keywords\":\"\\u745e\\u8fbe\\u8054\\u884c\",\"description\":\"\\u745e\\u8fbe\\u8054\\u884c\",\"contact_tel\":\"\",\"contact_wechat\":\"\",\"contact_email\":\"\",\"service_line\":\"\",\"footinfo\":\"\",\"wechat_qr\":\"\"}' WHERE `id` = '1'

2016-12-22 10:35:41 SELECT * FROM `rd_system_setting`  LIMIT 1

2016-12-22 10:36:22 SELECT * FROM `rd_system_setting`  LIMIT 1

2016-12-22 10:36:27 UPDATE `rd_system_setting` SET `id` = '1', `setting` = '{\"site_title\":\"\\u745e\\u8fbe\\u8054\\u884c\",\"keywords\":\"\\u745e\\u8fbe\\u8054\\u884c\",\"description\":\"\\u745e\\u8fbe\\u8054\\u884c\",\"contact_tel\":\"\",\"contact_wechat\":\"\",\"contact_email\":\"\",\"service_line\":\"\",\"footinfo\":\"\",\"wechat_qr\":\"\"}' WHERE `id` = '1'

2016-12-22 10:36:28 SELECT * FROM `rd_system_setting`  LIMIT 1

2016-12-22 10:53:48 SELECT `rd_linkage` FROM `rd_linkage` WHERE Count(id) as cnt  LIMIT 1

2016-12-22 10:55:03: SELECT * FROM `rd_linkage` WHERE `parentid` =0 ORDER BY `id` desc  LIMIT 10
2016-12-22 10:55:26: SELECT * FROM `rd_linkage` WHERE `parentid` =0 ORDER BY `id` desc  LIMIT 10
2016-12-22 10:55:41: SELECT * FROM `rd_linkage` WHERE `parentid` =0 ORDER BY `id` desc  LIMIT 10
2016-12-22 10:56:05: SELECT * FROM `rd_linkage` WHERE `parentid` =0 ORDER BY `id` desc  LIMIT 10
2016-12-22 10:56:29: SELECT * FROM `rd_linkage` WHERE `parentid` =0 ORDER BY `id` desc  LIMIT 10
2016-12-22 10:56:31: SELECT * FROM `rd_friend_link` ORDER BY `listorder` desc  LIMIT 10
2016-12-22 10:56:33: SELECT * FROM `rd_linkage` WHERE `parentid` =0 ORDER BY `id` desc  LIMIT 10
2016-12-22 10:56:44: SELECT * FROM `rd_linkage` WHERE `parentid` =0 ORDER BY `id` desc  LIMIT 10
2016-12-22 10:56:46: SELECT * FROM `rd_friend_link` ORDER BY `listorder` desc  LIMIT 10
2016-12-22 10:56:48: SELECT * FROM `rd_linkage` WHERE `parentid` =0 ORDER BY `id` desc  LIMIT 10
2016-12-22 10:57:06: SELECT * FROM `rd_linkage` WHERE `parentid` =0 ORDER BY `id` desc  LIMIT 10
2016-12-22 10:57:08: SELECT * FROM `rd_friend_link` ORDER BY `listorder` desc  LIMIT 10
2016-12-22 10:58:22: SELECT * FROM `rd_linkage` WHERE `parentid` =0 ORDER BY `id` desc  LIMIT 10
2016-12-22 10:58:27: SELECT * FROM `rd_linkage` WHERE `parentid` =0 ORDER BY `id` desc  LIMIT 10
2016-12-22 10:58:44: SELECT * FROM `rd_linkage` WHERE `parentid` =0 ORDER BY `id` desc  LIMIT 10
2016-12-22 10:58:47 SELECT * FROM `rd_linkage` WHERE `id` = 35  LIMIT 1

2016-12-22 10:58:49 UPDATE `rd_linkage` SET `id` = '35', `name` = '澳门' WHERE `id` = '35'

2016-12-22 10:58:49: SELECT * FROM `rd_linkage` WHERE `parentid` =0 ORDER BY `id` desc  LIMIT 10
2016-12-22 10:58:54 SELECT * FROM `rd_linkage` WHERE `id` = 35  LIMIT 1

2016-12-22 10:58:56 UPDATE `rd_linkage` SET `id` = '35', `name` = '澳门1' WHERE `id` = '35'

2016-12-22 10:58:56: SELECT * FROM `rd_linkage` WHERE `parentid` =0 ORDER BY `id` desc  LIMIT 10
2016-12-22 10:58:59 SELECT * FROM `rd_linkage` WHERE `id` = 35  LIMIT 1

2016-12-22 10:59:01 UPDATE `rd_linkage` SET `id` = '35', `name` = '澳门' WHERE `id` = '35'

2016-12-22 10:59:02: SELECT * FROM `rd_linkage` WHERE `parentid` =0 ORDER BY `id` desc  LIMIT 10
2016-12-22 10:59:03: SELECT * FROM `rd_friend_link` ORDER BY `listorder` desc  LIMIT 10
2016-12-22 10:59:28: SELECT * FROM `rd_friend_link` ORDER BY `listorder` desc  LIMIT 10
2016-12-22 10:59:29 SELECT * FROM `rd_friend_link` WHERE `id` = 1  LIMIT 1

2016-12-22 10:59:31 UPDATE `rd_friend_link` SET `id` = '1', `name` = '123', `link_url` = '123', `listorder` = '0', `isshow` = '1' WHERE `id` = '1'

2016-12-22 10:59:31: SELECT * FROM `rd_friend_link` ORDER BY `listorder` desc  LIMIT 10
2016-12-22 10:59:33: SELECT * FROM `rd_pages` ORDER BY `id` desc  LIMIT 10
2016-12-22 10:59:37 SELECT * FROM `rd_pages` WHERE `id` = 1  LIMIT 1

2016-12-22 10:59:43 SELECT `id` FROM `rd_pages` WHERE `hook` = 'aboutus'  LIMIT 1

2016-12-22 10:59:43 UPDATE `rd_pages` SET `id` = '1', `name` = '关于我们', `hook` = 'aboutus', `content` = '<p>关于我们关于我们关于我们</p>' WHERE `id` = '1'

2016-12-22 10:59:44: SELECT * FROM `rd_pages` ORDER BY `id` desc  LIMIT 10
2016-12-22 10:59:47: SELECT * FROM `rd_news` ORDER BY `listorder` desc, `id` desc  LIMIT 10
