2016-12-22 11:04:14 INSERT INTO `rd_news` (`id`, `title`, `type`, `thumb`, `fb_time`, `listorder`, `content`, `addtime`) VALUES (NULL, '12312', '1', '/uploads/project_news/2016/12/22/8e7de7d674cdf7db455291f933adefda.png', 1482375590, '1', '<p>123123123123</p>', 1482375854)

2016-12-22 11:04:43: SELECT * FROM `rd_news` ORDER BY `listorder` desc, `id` desc  LIMIT 10
2016-12-22 11:05:41: SELECT * FROM `rd_ad` ORDER BY `id` DESC  LIMIT 10
2016-12-22 11:07:11 INSERT INTO `rd_ad` (`id`, `pos`, `pic`, `url`, `listorder`, `addtime`) VALUES (NULL, 'index-index', '/uploads/scrollpic/2016/12/22/942247fbc037fdd184ae3341068be84f.png', '', '0', 1482376031)

2016-12-22 11:07:12: SELECT * FROM `rd_ad` ORDER BY `id` DESC  LIMIT 10
2016-12-22 11:09:11 SELECT * FROM `rd_system_setting`  LIMIT 1

2016-12-22 11:09:23 UPDATE `rd_system_setting` SET `id` = '1', `setting` = '{\"site_title\":\"\\u745e\\u8fbe\\u8054\\u884c\",\"keywords\":\"\\u745e\\u8fbe\\u8054\\u884c\",\"description\":\"\\u745e\\u8fbe\\u8054\\u884c\",\"contact_tel\":\"\",\"contact_wechat\":\"\",\"contact_email\":\"\",\"service_line\":\"\",\"footinfo\":\"\",\"wechat_qr\":\"\"}' WHERE `id` = '1'

2016-12-22 11:09:25 SELECT * FROM `rd_system_setting`  LIMIT 1

2016-12-22 11:15:14: SELECT * FROM `rd_adminuser` WHERE `isdelete` =0 ORDER BY `id` desc  LIMIT 10
2016-12-22 11:15:51: SELECT * FROM `rd_adminuser` WHERE `isdelete` =0 ORDER BY `id` desc  LIMIT 10
2016-12-22 11:16:20: SELECT * FROM `rd_adminuser` WHERE `isdelete` =0 ORDER BY `id` desc  LIMIT 10
2016-12-22 11:16:23 SELECT * FROM `rd_adminuser` WHERE `id` = '60'  LIMIT 1

2016-12-22 11:16:28 UPDATE `rd_adminuser` SET `id` = '60', `permissions` = 'a:1:{s:7:\"admincp\";a:3:{i:0;s:5:\"index\";i:1;s:6:\"center\";i:2;s:6:\"logout\";}}', `hotelids` = 'null' WHERE `id` = '60'

2016-12-22 11:16:30: SELECT * FROM `rd_adminuser` WHERE `isdelete` =0 ORDER BY `id` desc  LIMIT 10
2016-12-22 11:16:33 SELECT * FROM `rd_adminuser` WHERE `id` =0  LIMIT 1

2016-12-22 11:16:34: SELECT * FROM `rd_adminuser` WHERE `isdelete` =0 ORDER BY `id` desc  LIMIT 10
2016-12-22 11:16:36 SELECT * FROM `rd_adminuser` WHERE `id` = 60  LIMIT 1

2016-12-22 11:16:38 UPDATE `rd_adminuser` SET `id` = '60', `nickname` = '张龙', `is_root` = 0, `addtime` = 1482376598 WHERE `id` = '60'

2016-12-22 11:16:40: SELECT * FROM `rd_adminuser` WHERE `isdelete` =0 ORDER BY `id` desc  LIMIT 10
2016-12-22 11:16:49: SELECT * FROM `rd_user` ORDER BY `id` desc  LIMIT 10
2016-12-22 11:26:48: SELECT * FROM `rd_ad` ORDER BY `id` DESC  LIMIT 10
2016-12-22 11:27:24: SELECT * FROM `rd_house` ORDER BY `id` DESC  LIMIT 10
2016-12-22 11:32:02: SELECT * FROM `rd_linkage` WHERE `parentid` =0 ORDER BY `id` desc  LIMIT 10
2016-12-22 11:32:06: SELECT Count(id) as cnt FROM `rd_linkage` WHERE `parentid` =0 AND `search` = `Array`  LIMIT 1
2016-12-22 11:32:33: SELECT * FROM `rd_linkage` WHERE `parentid` =0 AND  `name` LIKE '%北京%' ESCAPE '!' ORDER BY `id` desc  LIMIT 10
2016-12-22 11:32:38 SELECT `name` FROM `rd_linkage` WHERE `id` = 2  LIMIT 1

2016-12-22 11:32:38: SELECT * FROM `rd_linkage` WHERE `parentid` = 2 ORDER BY `id` desc  LIMIT 10
2016-12-22 11:32:41 SELECT `name` FROM `rd_linkage` WHERE `id` = 933  LIMIT 1

2016-12-22 11:32:41: SELECT * FROM `rd_linkage` WHERE `parentid` = 933 ORDER BY `id` desc  LIMIT 10
2016-12-22 11:32:44 SELECT `name` FROM `rd_linkage` WHERE `id` = 52  LIMIT 1

2016-12-22 11:32:44: SELECT * FROM `rd_linkage` WHERE `parentid` = 52 ORDER BY `id` desc  LIMIT 10
2016-12-22 11:32:47: SELECT * FROM `rd_linkage` WHERE `parentid` =0 ORDER BY `id` desc  LIMIT 10
2016-12-22 11:35:06: SELECT * FROM `rd_friend_link` ORDER BY `listorder` desc  LIMIT 10
2016-12-22 11:35:10: SELECT * FROM `rd_pages` ORDER BY `id` desc  LIMIT 10
2016-12-22 11:35:12: SELECT * FROM `rd_news` ORDER BY `listorder` desc, `id` desc  LIMIT 10
2016-12-22 11:35:24: SELECT * FROM `rd_news` WHERE `title` LIKE '%12%' ESCAPE '!' ORDER BY `listorder` desc, `id` desc  LIMIT 10
2016-12-22 11:35:26: SELECT * FROM `rd_ad` ORDER BY `id` DESC  LIMIT 10
2016-12-22 11:35:37: SELECT * FROM `rd_ad` ORDER BY `id` DESC  LIMIT 10
2016-12-22 11:36:18: SELECT * FROM `rd_ad` ORDER BY `id` DESC  LIMIT 10
2016-12-22 11:36:44: SELECT * FROM `rd_user` ORDER BY `id` desc  LIMIT 10
2016-12-22 11:37:10: SELECT * FROM `rd_user` ORDER BY `id` desc  LIMIT 10
2016-12-22 11:37:11: SELECT * FROM `rd_adminuser` WHERE `isdelete` =0 ORDER BY `id` desc  LIMIT 10
2016-12-22 11:38:08 SELECT * FROM `rd_system_setting`  LIMIT 1

2016-12-22 11:40:36 UPDATE `rd_system_setting` SET `id` = '1', `setting` = '{\"site_title\":\"\\u745e\\u8fbe\\u8054\\u884c\",\"keywords\":\"\\u745e\\u8fbe\\u8054\\u884c\",\"description\":\"\\u745e\\u8fbe\\u8054\\u884c\",\"contact_tel\":\"\",\"contact_wechat\":\"\",\"contact_email\":\"\",\"service_line\":\"\",\"footinfo\":\"\\u516c\\u53f8\\u5730\\u5740\\uff1a\\u5317\\u4eac\\u5e02\\u6d77\\u6dc0\\u533a\\u82cf\\u5dde\\u8857\\u957f\\u8fdc\\u5929\\u5730B1\\u5ea71601\\u5ba4  \\u5317\\u4eac\\u745e\\u8fbe\\u8054\\u884c  |   \\u7f51\\u7edc\\u7ecf\\u8425\\u8bb8\\u53ef\\u8bc1 \\u4eacICP\\u590711024601\\u53f7-12 | \\u00a9 Copyright\\u00a92010-2016 \\u745e\\u8fbe\\u8054\\u884clianhang.com\\u7248\\u6743\\u6240\\u6709\",\"wechat_qr\":\"\"}' WHERE `id` = '1'

2016-12-22 11:40:38 SELECT * FROM `rd_system_setting`  LIMIT 1

2016-12-22 11:42:07 UPDATE `rd_system_setting` SET `id` = '1', `setting` = '{\"site_title\":\"\\u745e\\u8fbe\\u8054\\u884c\",\"keywords\":\"\\u745e\\u8fbe\\u8054\\u884c\",\"description\":\"\\u745e\\u8fbe\\u8054\\u884c\",\"contact_tel\":\"\",\"contact_wechat\":\"\",\"contact_email\":\"\",\"service_line\":\"\\u5317\\u4eac\\u5e02\\u6d77\\u6dc0\\u533a\\u82cf\\u5dde\\u8857\\u957f\\u8fdc\\u5929\\u5730B1\\u5ea71601\\u5ba4\",\"footinfo\":\"\\u516c\\u53f8\\u5730\\u5740\\uff1a\\u5317\\u4eac\\u5e02\\u6d77\\u6dc0\\u533a\\u82cf\\u5dde\\u8857\\u957f\\u8fdc\\u5929\\u5730B1\\u5ea71601\\u5ba4  \\u5317\\u4eac\\u745e\\u8fbe\\u8054\\u884c  |   \\u7f51\\u7edc\\u7ecf\\u8425\\u8bb8\\u53ef\\u8bc1 \\u4eacICP\\u590711024601\\u53f7-12 | \\u00a9 Copyright\\u00a92010-2016 \\u745e\\u8fbe\\u8054\\u884clianhang.com\\u7248\\u6743\\u6240\\u6709\",\"wechat_qr\":\"\"}' WHERE `id` = '1'

2016-12-22 11:42:09 SELECT * FROM `rd_system_setting`  LIMIT 1

2016-12-22 11:42:12 SELECT * FROM `rd_system_setting`  LIMIT 1

2016-12-22 11:42:18: SELECT * FROM `rd_news` ORDER BY `listorder` desc, `id` desc  LIMIT 10
2016-12-22 11:42:20: SELECT * FROM `rd_pages` ORDER BY `id` desc  LIMIT 10
2016-12-22 11:42:52 SELECT * FROM `rd_pages` WHERE `id` =0  LIMIT 1

2016-12-22 11:42:55 SELECT * FROM `rd_system_setting`  LIMIT 1

2016-12-22 11:52:44: SELECT * FROM `rd_linkage` WHERE `parentid` =0 ORDER BY `id` desc  LIMIT 10
2016-12-22 11:53:28: SELECT * FROM `rd_linkage` WHERE `parentid` =0 ORDER BY `id` desc  LIMIT 10
2016-12-22 11:53:48: SELECT Count(id) as cnt FROM `rd_subway` WHERE `parentid` =0  LIMIT 1
2016-12-22 11:58:25: SELECT Count(id) as cnt FROM `rd_subway` WHERE `parentid` =0  LIMIT 1
2016-12-22 11:59:02: SELECT Count(id) as cnt FROM `rd_subway` WHERE `parentid` =0  LIMIT 1
2016-12-22 11:59:35: SELECT * FROM `rd_subway` ORDER BY `id` desc  LIMIT 10
