2016-12-22 16:06:48 SELECT * FROM `rd_ad` WHERE `pos` = 'house-index'  LIMIT 1

2016-12-22 16:06:48: SELECT `name`, `link_url` FROM `rd_friend_link` WHERE `isshow` = 1
2016-12-22 16:07:53 SELECT * FROM `rd_ad` WHERE `pos` = 'house-index'  LIMIT 1

2016-12-22 16:07:53: SELECT `name`, `link_url` FROM `rd_friend_link` WHERE `isshow` = 1
2016-12-22 16:08:12 SELECT * FROM `rd_adminuser` WHERE `username` = 'admin'  LIMIT 1

2016-12-22 16:08:19 SELECT * FROM `rd_adminuser` WHERE `id` =0  LIMIT 1

2016-12-22 16:08:25 SELECT * FROM `rd_ad` WHERE `pos` = 'page-index-aboutus'  LIMIT 1

2016-12-22 16:08:25: SELECT * FROM `rd_pages` WHERE `hook` = 'statement'  LIMIT 1
2016-12-22 16:09:46 SELECT * FROM `rd_ad` WHERE `pos` = 'page-index-aboutus'  LIMIT 1

2016-12-22 16:09:46: SELECT * FROM `rd_pages` WHERE `hook` = 'statement'  LIMIT 1
2016-12-22 16:09:53 SELECT * FROM `rd_ad` WHERE `pos` = 'page-index-aboutus'  LIMIT 1

2016-12-22 16:09:53: SELECT * FROM `rd_pages` WHERE `hook` = 'aboutus'  LIMIT 1
2016-12-22 16:11:14: SELECT `name`, `link_url` FROM `rd_friend_link` WHERE `isshow` = 1
2016-12-22 16:11:26 SELECT * FROM `rd_ad` WHERE `pos` = 'page-index-aboutus'  LIMIT 1

2016-12-22 16:11:26: SELECT * FROM `rd_pages` WHERE `hook` = 'aboutus'  LIMIT 1
2016-12-22 16:11:34 SELECT * FROM `rd_ad` WHERE `pos` = 'house-index'  LIMIT 1

2016-12-22 16:14:13 SELECT * FROM `rd_ad` WHERE `pos` = 'house-index'  LIMIT 1

2016-12-22 16:14:13: SELECT `name`, `link_url` FROM `rd_friend_link` WHERE `isshow` = 1
2016-12-22 16:14:44 SELECT * FROM `rd_ad` WHERE `pos` = 'house-index'  LIMIT 1

2016-12-22 16:15:12 SELECT * FROM `rd_ad` WHERE `pos` = 'house-index'  LIMIT 1

2016-12-22 16:15:14: SELECT `name`, `link_url` FROM `rd_friend_link` WHERE `isshow` = 1
2016-12-22 16:15:24 SELECT * FROM `rd_ad` WHERE `pos` = 'house-index'  LIMIT 1

2016-12-22 16:15:28 SELECT * FROM `rd_ad` WHERE `pos` = 'house-index'  LIMIT 1

2016-12-22 16:15:32 SELECT * FROM `rd_ad` WHERE `pos` = 'house-index'  LIMIT 1

2016-12-22 16:15:35 SELECT * FROM `rd_ad` WHERE `pos` = 'house-index'  LIMIT 1

2016-12-22 16:15:53 SELECT * FROM `rd_ad` WHERE `pos` = 'house-index'  LIMIT 1

2016-12-22 16:17:38: SELECT `name`, `link_url` FROM `rd_friend_link` WHERE `isshow` = 1
2016-12-22 16:19:38: SELECT `name`, `link_url` FROM `rd_friend_link` WHERE `isshow` = 1
