2016-12-16 08:04:56: SELECT * FROM `stu` WHERE `title` = '巴西6名警察枪杀2名贫民被捕' ORDER BY `news`.`id` DESC  LIMIT 2, 10
2016-12-16 08:05:22: SELECT * FROM `stu` WHERE `name` = '张龙' ORDER BY `id` DESC  LIMIT 2, 10
2016-12-16 08:16:25: SELECT `张龙` FROM Count(id)  LIMIT 1
2016-12-16 08:17:05: SELECT * FROM `stu` WHERE `name` = '张龙' ORDER BY `id` DESC  LIMIT 10
2016-12-16 08:19:45: SELECT * FROM `stu` WHERE `name` = '张龙' ORDER BY `id` DESC  LIMIT 10
2016-12-16 08:20:37: SELECT * FROM `stu` WHERE `name` = '张龙' ORDER BY `id` DESC  LIMIT 10
2016-12-16 08:21:13: SELECT * FROM `stu` WHERE `name` = '张龙' ORDER BY `id` DESC  LIMIT 10
2016-12-16 08:21:20: SELECT * FROM `stu` WHERE `name` = '张龙' ORDER BY `id` DESC  LIMIT 10
2016-12-16 08:21:45: SELECT * FROM `stu` WHERE `name` = '张龙' ORDER BY `id` DESC  LIMIT 10
2016-12-16 08:22:01: SELECT Count(id) as cnt FROM `stu` WHERE `name` = '张龙'  LIMIT 1
2016-12-16 08:22:18: SELECT * FROM `stu` WHERE `name` = '张龙' ORDER BY `id` DESC  LIMIT 10
2016-12-16 08:22:25: SELECT * FROM `stu` WHERE `name` = '张龙' ORDER BY `id` DESC  LIMIT 10
2016-12-16 08:24:25: SELECT * FROM `stu` WHERE `name` = '张龙' ORDER BY `id` DESC  LIMIT 10
2016-12-16 08:24:33: SELECT * FROM `stu` WHERE `name` = '张龙' ORDER BY `id` DESC  LIMIT 10
2016-12-16 08:24:47: SELECT * FROM `stu` WHERE `name` = '张龙' ORDER BY `id` DESC  LIMIT 10
2016-12-16 08:26:15: SELECT * FROM `stu` WHERE `name` = '张龙' ORDER BY `id` DESC  LIMIT 10
2016-12-16 08:26:33: SELECT * FROM `stu` WHERE `name` = '张龙' ORDER BY `id` DESC  LIMIT 10
2016-12-16 08:27:41: SELECT * FROM `stu` WHERE `name` = '张龙' ORDER BY `id` DESC  LIMIT 10
2016-12-16 08:28:04: SELECT * FROM `stu` WHERE `name` = '张龙' ORDER BY `id` DESC  LIMIT 10
2016-12-16 08:28:12: SELECT * FROM `stu` WHERE `name` = '张龙' ORDER BY `id` DESC  LIMIT 10
2016-12-16 08:28:36: SELECT * FROM `stu` WHERE `name` = '张龙' ORDER BY `id` DESC  LIMIT 3
2016-12-16 08:28:53: SELECT * FROM `stu` WHERE `name` = '张龙' ORDER BY `id` DESC  LIMIT 3
2016-12-16 08:29:04: SELECT * FROM `stu` WHERE `name` = '张龙' ORDER BY `id` DESC  LIMIT 3, 3
2016-12-16 08:38:59: SELECT * FROM `stu` WHERE `name` = '张龙' ORDER BY `id` DESC  LIMIT 3, 3
2016-12-16 08:41:07: SELECT * FROM `stu` WHERE `name` = '张龙' ORDER BY `id` DESC  LIMIT 3, 3
2016-12-16 08:43:58: SELECT * FROM `stu` WHERE `name` = '张龙' ORDER BY `id` DESC  LIMIT 3, 3
2016-12-16 08:44:21: SELECT * FROM `stu` WHERE `name` = '张龙' ORDER BY `id` DESC  LIMIT 3, 3
2016-12-16 08:44:30: SELECT * FROM `stu` WHERE `name` = '张龙' ORDER BY `id` DESC  LIMIT 3, 3
